[0.009s] Invoking command in '/home/aice/ros2_ws/build/turtlebot3_task': CMAKE_PREFIX_PATH=${CMAKE_PREFIX_PATH}:/home/aice/turtlebot3_ws/install/turtlebot3_yolo_object_detection:/home/aice/turtlebot3_ws/install/turtlebot3_teleop:/home/aice/turtlebot3_ws/install/turtlebot3_example:/home/aice/turtlebot3_ws/install/turtlebot3_autorace_mission:/home/aice/turtlebot3_ws/install/turtlebot3_autorace_detect:/home/aice/turtlebot3_ws/install/turtlebot3_autorace_camera:/home/aice/turtlebot3_ws/install/turtlebot3_automatic_parking_vision:/home/aice/turtlebot3_ws/install/turtlebot3_automatic_parking:/home/aice/turtlebot3_ws/install/turtlebot3_aruco_tracker:/opt/ros/humble /usr/bin/cmake /home/aice/ros2_ws/src/turtlebot3_task -DCMAKE_INSTALL_PREFIX=/home/aice/ros2_ws/install/turtlebot3_task
[0.063s] -- The C compiler identification is GNU 11.4.0
[0.110s] -- The CXX compiler identification is GNU 11.4.0
[0.117s] -- Detecting C compiler ABI info
[0.191s] -- Detecting C compiler ABI info - done
[0.197s] -- Check for working C compiler: /usr/bin/cc - skipped
[0.197s] -- Detecting C compile features
[0.197s] -- Detecting C compile features - done
[0.197s] -- Detecting CXX compiler ABI info
[0.275s] -- Detecting CXX compiler ABI info - done
[0.280s] -- Check for working CXX compiler: /usr/bin/c++ - skipped
[0.280s] -- Detecting CXX compile features
[0.280s] -- Detecting CXX compile features - done
[0.283s] -- Found ament_cmake: 1.3.12 (/opt/ros/humble/share/ament_cmake/cmake)
[0.424s] -- Found Python3: /usr/bin/python3 (found version "3.10.12") found components: Interpreter 
[0.557s] [31mCMake Error at /opt/ros/humble/share/ament_cmake_core/cmake/core/ament_package_xml.cmake:53 (message):
[0.557s]   ament_package_xml() package name 'turtlebot3_task' in '/package.xml' does
[0.557s]   not match current PROJECT_NAME 'aice_sim'.  You must call project() with
[0.557s]   the same package name before.
[0.557s] Call Stack (most recent call first):
[0.558s]   /opt/ros/humble/share/ament_cmake_core/cmake/core/ament_package.cmake:63 (ament_package_xml)
[0.558s]   CMakeLists.txt:21 (ament_package)
[0.558s] 
[0.558s] [0m
[0.558s] -- Configuring incomplete, errors occurred!
[0.558s] See also "/home/aice/ros2_ws/build/turtlebot3_task/CMakeFiles/CMakeOutput.log".
[0.569s] Invoked command in '/home/aice/ros2_ws/build/turtlebot3_task' returned '1': CMAKE_PREFIX_PATH=${CMAKE_PREFIX_PATH}:/home/aice/turtlebot3_ws/install/turtlebot3_yolo_object_detection:/home/aice/turtlebot3_ws/install/turtlebot3_teleop:/home/aice/turtlebot3_ws/install/turtlebot3_example:/home/aice/turtlebot3_ws/install/turtlebot3_autorace_mission:/home/aice/turtlebot3_ws/install/turtlebot3_autorace_detect:/home/aice/turtlebot3_ws/install/turtlebot3_autorace_camera:/home/aice/turtlebot3_ws/install/turtlebot3_automatic_parking_vision:/home/aice/turtlebot3_ws/install/turtlebot3_automatic_parking:/home/aice/turtlebot3_ws/install/turtlebot3_aruco_tracker:/opt/ros/humble /usr/bin/cmake /home/aice/ros2_ws/src/turtlebot3_task -DCMAKE_INSTALL_PREFIX=/home/aice/ros2_ws/install/turtlebot3_task
