-- Install configuration: ""
-- Up-to-date: /home/aice/ros2_ws/install/turtlebot3_task/share/turtlebot3_task/launch
-- Up-to-date: /home/aice/ros2_ws/install/turtlebot3_task/share/turtlebot3_task/launch/turtlebot3_waffle_pi_launch.py
-- Up-to-date: /home/aice/ros2_ws/install/turtlebot3_task/share/turtlebot3_task/launch/turtlebot3_world.py
-- Up-to-date: /home/aice/ros2_ws/install/turtlebot3_task/share/turtlebot3_task/worlds
-- Up-to-date: /home/aice/ros2_ws/install/turtlebot3_task/share/turtlebot3_task/worlds/world.world
-- Up-to-date: /home/aice/ros2_ws/install/turtlebot3_task/share/turtlebot3_task/models
-- Up-to-date: /home/aice/ros2_ws/install/turtlebot3_task/share/turtlebot3_task/models/v3_block
-- Up-to-date: /home/aice/ros2_ws/install/turtlebot3_task/share/turtlebot3_task/models/v3_block/model.sdf
-- Up-to-date: /home/aice/ros2_ws/install/turtlebot3_task/share/turtlebot3_task/models/v3_block/meshes
-- Up-to-date: /home/aice/ros2_ws/install/turtlebot3_task/share/turtlebot3_task/models/v3_block/meshes/v3_block.stl
-- Up-to-date: /home/aice/ros2_ws/install/turtlebot3_task/share/turtlebot3_task/models/v3_block/model.config
-- Up-to-date: /home/aice/ros2_ws/install/turtlebot3_task/share/turtlebot3_task/models/turtlebot3_waffle_pi
-- Up-to-date: /home/aice/ros2_ws/install/turtlebot3_task/share/turtlebot3_task/models/turtlebot3_waffle_pi/model.sdf
-- Up-to-date: /home/aice/ros2_ws/install/turtlebot3_task/share/turtlebot3_task/models/turtlebot3_waffle_pi/model.config
-- Up-to-date: /home/aice/ros2_ws/install/turtlebot3_task/share/turtlebot3_task/models/turtlebot3_waffle_pi/model-1_4_.sdf
-- Installing: /home/aice/ros2_ws/install/turtlebot3_task/lib/turtlebot3_task/block_wall_detection.py
-- Up-to-date: /home/aice/ros2_ws/install/turtlebot3_task/share/ament_index/resource_index/package_run_dependencies/turtlebot3_task
-- Up-to-date: /home/aice/ros2_ws/install/turtlebot3_task/share/ament_index/resource_index/parent_prefix_path/turtlebot3_task
-- Up-to-date: /home/aice/ros2_ws/install/turtlebot3_task/share/turtlebot3_task/environment/ament_prefix_path.sh
-- Up-to-date: /home/aice/ros2_ws/install/turtlebot3_task/share/turtlebot3_task/environment/ament_prefix_path.dsv
-- Up-to-date: /home/aice/ros2_ws/install/turtlebot3_task/share/turtlebot3_task/environment/path.sh
-- Up-to-date: /home/aice/ros2_ws/install/turtlebot3_task/share/turtlebot3_task/environment/path.dsv
-- Up-to-date: /home/aice/ros2_ws/install/turtlebot3_task/share/turtlebot3_task/local_setup.bash
-- Up-to-date: /home/aice/ros2_ws/install/turtlebot3_task/share/turtlebot3_task/local_setup.sh
-- Up-to-date: /home/aice/ros2_ws/install/turtlebot3_task/share/turtlebot3_task/local_setup.zsh
-- Up-to-date: /home/aice/ros2_ws/install/turtlebot3_task/share/turtlebot3_task/local_setup.dsv
-- Up-to-date: /home/aice/ros2_ws/install/turtlebot3_task/share/turtlebot3_task/package.dsv
-- Up-to-date: /home/aice/ros2_ws/install/turtlebot3_task/share/ament_index/resource_index/packages/turtlebot3_task
-- Up-to-date: /home/aice/ros2_ws/install/turtlebot3_task/share/turtlebot3_task/cmake/turtlebot3_taskConfig.cmake
-- Up-to-date: /home/aice/ros2_ws/install/turtlebot3_task/share/turtlebot3_task/cmake/turtlebot3_taskConfig-version.cmake
-- Up-to-date: /home/aice/ros2_ws/install/turtlebot3_task/share/turtlebot3_task/package.xml
