[0.081s] DEBUG:colcon:Command line arguments: ['/usr/bin/colcon', 'build']
[0.081s] DEBUG:colcon:Parsed command line arguments: Namespace(log_base=None, log_level=None, verb_name='build', build_base='build', install_base='install', merge_install=False, symlink_install=False, test_result_base=None, continue_on_error=False, executor='parallel', parallel_workers=4, event_handlers=None, ignore_user_meta=False, metas=['./colcon.meta'], base_paths=['.'], packages_ignore=None, packages_ignore_regex=None, paths=None, packages_up_to=None, packages_up_to_regex=None, packages_above=None, packages_above_and_dependencies=None, packages_above_depth=None, packages_select_by_dep=None, packages_skip_by_dep=None, packages_skip_up_to=None, packages_select_build_failed=False, packages_skip_build_finished=False, packages_select_test_failures=False, packages_skip_test_passed=False, packages_select=None, packages_skip=None, packages_select_regex=None, packages_skip_regex=None, packages_start=None, packages_end=None, allow_overriding=[], cmake_args=None, cmake_target=None, cmake_target_skip_unavailable=False, cmake_clean_cache=False, cmake_clean_first=False, cmake_force_configure=False, ament_cmake_args=None, catkin_cmake_args=None, catkin_skip_building_tests=False, mixin_files=None, mixin=None, verb_parser=<colcon_mixin.mixin.mixin_argument.MixinArgumentDecorator object at 0x716aff786620>, verb_extension=<colcon_core.verb.build.BuildVerb object at 0x716aff70f310>, main=<bound method BuildVerb.main of <colcon_core.verb.build.BuildVerb object at 0x716aff70f310>>, mixin_verb=('build',))
[0.196s] Level 1:colcon.colcon_core.package_discovery:discover_packages(colcon_meta) check parameters
[0.196s] Level 1:colcon.colcon_core.package_discovery:discover_packages(recursive) check parameters
[0.196s] Level 1:colcon.colcon_core.package_discovery:discover_packages(ignore) check parameters
[0.196s] Level 1:colcon.colcon_core.package_discovery:discover_packages(path) check parameters
[0.196s] Level 1:colcon.colcon_core.package_discovery:discover_packages(colcon_meta) discover
[0.196s] Level 1:colcon.colcon_core.package_discovery:discover_packages(recursive) discover
[0.196s] INFO:colcon.colcon_core.package_discovery:Crawling recursively for packages in '/home/aice/ros2_ws'
[0.196s] Level 1:colcon.colcon_core.package_identification:_identify(.) by extensions ['ignore', 'ignore_ament_install']
[0.196s] Level 1:colcon.colcon_core.package_identification:_identify(.) by extension 'ignore'
[0.196s] Level 1:colcon.colcon_core.package_identification:_identify(.) by extension 'ignore_ament_install'
[0.196s] Level 1:colcon.colcon_core.package_identification:_identify(.) by extensions ['colcon_pkg']
[0.196s] Level 1:colcon.colcon_core.package_identification:_identify(.) by extension 'colcon_pkg'
[0.196s] Level 1:colcon.colcon_core.package_identification:_identify(.) by extensions ['colcon_meta']
[0.196s] Level 1:colcon.colcon_core.package_identification:_identify(.) by extension 'colcon_meta'
[0.196s] Level 1:colcon.colcon_core.package_identification:_identify(.) by extensions ['ros']
[0.196s] Level 1:colcon.colcon_core.package_identification:_identify(.) by extension 'ros'
[0.204s] Level 1:colcon.colcon_core.package_identification:_identify(.) by extensions ['cmake', 'python']
[0.204s] Level 1:colcon.colcon_core.package_identification:_identify(.) by extension 'cmake'
[0.204s] Level 1:colcon.colcon_core.package_identification:_identify(.) by extension 'python'
[0.204s] Level 1:colcon.colcon_core.package_identification:_identify(.) by extensions ['python_setup_py']
[0.204s] Level 1:colcon.colcon_core.package_identification:_identify(.) by extension 'python_setup_py'
[0.204s] Level 1:colcon.colcon_core.package_identification:_identify(CAD) by extensions ['ignore', 'ignore_ament_install']
[0.204s] Level 1:colcon.colcon_core.package_identification:_identify(CAD) by extension 'ignore'
[0.204s] Level 1:colcon.colcon_core.package_identification:_identify(CAD) by extension 'ignore_ament_install'
[0.204s] Level 1:colcon.colcon_core.package_identification:_identify(CAD) by extensions ['colcon_pkg']
[0.204s] Level 1:colcon.colcon_core.package_identification:_identify(CAD) by extension 'colcon_pkg'
[0.204s] Level 1:colcon.colcon_core.package_identification:_identify(CAD) by extensions ['colcon_meta']
[0.204s] Level 1:colcon.colcon_core.package_identification:_identify(CAD) by extension 'colcon_meta'
[0.204s] Level 1:colcon.colcon_core.package_identification:_identify(CAD) by extensions ['ros']
[0.204s] Level 1:colcon.colcon_core.package_identification:_identify(CAD) by extension 'ros'
[0.204s] Level 1:colcon.colcon_core.package_identification:_identify(CAD) by extensions ['cmake', 'python']
[0.204s] Level 1:colcon.colcon_core.package_identification:_identify(CAD) by extension 'cmake'
[0.204s] Level 1:colcon.colcon_core.package_identification:_identify(CAD) by extension 'python'
[0.204s] Level 1:colcon.colcon_core.package_identification:_identify(CAD) by extensions ['python_setup_py']
[0.204s] Level 1:colcon.colcon_core.package_identification:_identify(CAD) by extension 'python_setup_py'
[0.204s] Level 1:colcon.colcon_core.package_identification:_identify(build) by extensions ['ignore', 'ignore_ament_install']
[0.204s] Level 1:colcon.colcon_core.package_identification:_identify(build) by extension 'ignore'
[0.204s] Level 1:colcon.colcon_core.package_identification:_identify(build) ignored
[0.204s] Level 1:colcon.colcon_core.package_identification:_identify(install) by extensions ['ignore', 'ignore_ament_install']
[0.204s] Level 1:colcon.colcon_core.package_identification:_identify(install) by extension 'ignore'
[0.204s] Level 1:colcon.colcon_core.package_identification:_identify(install) ignored
[0.204s] Level 1:colcon.colcon_core.package_identification:_identify(log) by extensions ['ignore', 'ignore_ament_install']
[0.204s] Level 1:colcon.colcon_core.package_identification:_identify(log) by extension 'ignore'
[0.204s] Level 1:colcon.colcon_core.package_identification:_identify(log) ignored
[0.204s] Level 1:colcon.colcon_core.package_identification:_identify(src) by extensions ['ignore', 'ignore_ament_install']
[0.204s] Level 1:colcon.colcon_core.package_identification:_identify(src) by extension 'ignore'
[0.204s] Level 1:colcon.colcon_core.package_identification:_identify(src) by extension 'ignore_ament_install'
[0.205s] Level 1:colcon.colcon_core.package_identification:_identify(src) by extensions ['colcon_pkg']
[0.205s] Level 1:colcon.colcon_core.package_identification:_identify(src) by extension 'colcon_pkg'
[0.205s] Level 1:colcon.colcon_core.package_identification:_identify(src) by extensions ['colcon_meta']
[0.205s] Level 1:colcon.colcon_core.package_identification:_identify(src) by extension 'colcon_meta'
[0.205s] Level 1:colcon.colcon_core.package_identification:_identify(src) by extensions ['ros']
[0.205s] Level 1:colcon.colcon_core.package_identification:_identify(src) by extension 'ros'
[0.205s] Level 1:colcon.colcon_core.package_identification:_identify(src) by extensions ['cmake', 'python']
[0.205s] Level 1:colcon.colcon_core.package_identification:_identify(src) by extension 'cmake'
[0.205s] Level 1:colcon.colcon_core.package_identification:_identify(src) by extension 'python'
[0.205s] Level 1:colcon.colcon_core.package_identification:_identify(src) by extensions ['python_setup_py']
[0.205s] Level 1:colcon.colcon_core.package_identification:_identify(src) by extension 'python_setup_py'
[0.205s] Level 1:colcon.colcon_core.package_identification:_identify(src/turtlebot3_task) by extensions ['ignore', 'ignore_ament_install']
[0.205s] Level 1:colcon.colcon_core.package_identification:_identify(src/turtlebot3_task) by extension 'ignore'
[0.205s] Level 1:colcon.colcon_core.package_identification:_identify(src/turtlebot3_task) by extension 'ignore_ament_install'
[0.205s] Level 1:colcon.colcon_core.package_identification:_identify(src/turtlebot3_task) by extensions ['colcon_pkg']
[0.205s] Level 1:colcon.colcon_core.package_identification:_identify(src/turtlebot3_task) by extension 'colcon_pkg'
[0.205s] Level 1:colcon.colcon_core.package_identification:_identify(src/turtlebot3_task) by extensions ['colcon_meta']
[0.205s] Level 1:colcon.colcon_core.package_identification:_identify(src/turtlebot3_task) by extension 'colcon_meta'
[0.205s] Level 1:colcon.colcon_core.package_identification:_identify(src/turtlebot3_task) by extensions ['ros']
[0.205s] Level 1:colcon.colcon_core.package_identification:_identify(src/turtlebot3_task) by extension 'ros'
[0.213s] DEBUG:colcon.colcon_core.package_identification:Package 'src/turtlebot3_task' with type 'ros.ament_cmake' and name 'aice_sim'
[0.213s] Level 1:colcon.colcon_core.package_discovery:discover_packages(recursive) using defaults
[0.213s] Level 1:colcon.colcon_core.package_discovery:discover_packages(ignore) discover
[0.213s] Level 1:colcon.colcon_core.package_discovery:discover_packages(ignore) using defaults
[0.213s] Level 1:colcon.colcon_core.package_discovery:discover_packages(path) discover
[0.213s] Level 1:colcon.colcon_core.package_discovery:discover_packages(path) using defaults
[0.227s] Level 1:colcon.colcon_core.package_discovery:discover_packages(prefix_path) check parameters
[0.227s] Level 1:colcon.colcon_core.package_discovery:discover_packages(prefix_path) discover
[0.229s] DEBUG:colcon.colcon_installed_package_information.package_discovery:Found 28 installed packages in /home/aice/turtlebot3_ws/install
[0.230s] DEBUG:colcon.colcon_installed_package_information.package_discovery:Found 384 installed packages in /opt/ros/humble
[0.231s] Level 1:colcon.colcon_core.package_discovery:discover_packages(prefix_path) using defaults
[0.261s] Level 5:colcon.colcon_core.verb:set package 'aice_sim' build argument 'cmake_args' from command line to 'None'
[0.261s] Level 5:colcon.colcon_core.verb:set package 'aice_sim' build argument 'cmake_target' from command line to 'None'
[0.261s] Level 5:colcon.colcon_core.verb:set package 'aice_sim' build argument 'cmake_target_skip_unavailable' from command line to 'False'
[0.261s] Level 5:colcon.colcon_core.verb:set package 'aice_sim' build argument 'cmake_clean_cache' from command line to 'False'
[0.261s] Level 5:colcon.colcon_core.verb:set package 'aice_sim' build argument 'cmake_clean_first' from command line to 'False'
[0.261s] Level 5:colcon.colcon_core.verb:set package 'aice_sim' build argument 'cmake_force_configure' from command line to 'False'
[0.261s] Level 5:colcon.colcon_core.verb:set package 'aice_sim' build argument 'ament_cmake_args' from command line to 'None'
[0.261s] Level 5:colcon.colcon_core.verb:set package 'aice_sim' build argument 'catkin_cmake_args' from command line to 'None'
[0.261s] Level 5:colcon.colcon_core.verb:set package 'aice_sim' build argument 'catkin_skip_building_tests' from command line to 'False'
[0.261s] DEBUG:colcon.colcon_core.verb:Building package 'aice_sim' with the following arguments: {'ament_cmake_args': None, 'build_base': '/home/aice/ros2_ws/build/aice_sim', 'catkin_cmake_args': None, 'catkin_skip_building_tests': False, 'cmake_args': None, 'cmake_clean_cache': False, 'cmake_clean_first': False, 'cmake_force_configure': False, 'cmake_target': None, 'cmake_target_skip_unavailable': False, 'install_base': '/home/aice/ros2_ws/install/aice_sim', 'merge_install': False, 'path': '/home/aice/ros2_ws/src/turtlebot3_task', 'symlink_install': False, 'test_result_base': None}
[0.261s] INFO:colcon.colcon_core.executor:Executing jobs using 'parallel' executor
[0.262s] DEBUG:colcon.colcon_parallel_executor.executor.parallel:run_until_complete
[0.262s] INFO:colcon.colcon_ros.task.ament_cmake.build:Building ROS package in '/home/aice/ros2_ws/src/turtlebot3_task' with build type 'ament_cmake'
[0.262s] INFO:colcon.colcon_cmake.task.cmake.build:Building CMake package in '/home/aice/ros2_ws/src/turtlebot3_task'
[0.264s] INFO:colcon.colcon_core.plugin_system:Skipping extension 'colcon_core.shell.bat': Not used on non-Windows systems
[0.264s] INFO:colcon.colcon_core.shell:Skip shell extension 'powershell' for command environment: Not usable outside of PowerShell
[0.264s] DEBUG:colcon.colcon_core.shell:Skip shell extension 'dsv' for command environment
[0.273s] DEBUG:colcon.colcon_core.event_handler.log_command:Invoking command in '/home/aice/ros2_ws/build/aice_sim': CMAKE_PREFIX_PATH=${CMAKE_PREFIX_PATH}:/home/aice/turtlebot3_ws/install/turtlebot3_yolo_object_detection:/home/aice/turtlebot3_ws/install/turtlebot3_teleop:/home/aice/turtlebot3_ws/install/turtlebot3_example:/home/aice/turtlebot3_ws/install/turtlebot3_autorace_mission:/home/aice/turtlebot3_ws/install/turtlebot3_autorace_detect:/home/aice/turtlebot3_ws/install/turtlebot3_autorace_camera:/home/aice/turtlebot3_ws/install/turtlebot3_automatic_parking_vision:/home/aice/turtlebot3_ws/install/turtlebot3_automatic_parking:/home/aice/turtlebot3_ws/install/turtlebot3_aruco_tracker:/opt/ros/humble /usr/bin/cmake /home/aice/ros2_ws/src/turtlebot3_task -DCMAKE_INSTALL_PREFIX=/home/aice/ros2_ws/install/aice_sim
[1.211s] DEBUG:colcon.colcon_core.event_handler.log_command:Invoked command in '/home/aice/ros2_ws/build/aice_sim' returned '0': CMAKE_PREFIX_PATH=${CMAKE_PREFIX_PATH}:/home/aice/turtlebot3_ws/install/turtlebot3_yolo_object_detection:/home/aice/turtlebot3_ws/install/turtlebot3_teleop:/home/aice/turtlebot3_ws/install/turtlebot3_example:/home/aice/turtlebot3_ws/install/turtlebot3_autorace_mission:/home/aice/turtlebot3_ws/install/turtlebot3_autorace_detect:/home/aice/turtlebot3_ws/install/turtlebot3_autorace_camera:/home/aice/turtlebot3_ws/install/turtlebot3_automatic_parking_vision:/home/aice/turtlebot3_ws/install/turtlebot3_automatic_parking:/home/aice/turtlebot3_ws/install/turtlebot3_aruco_tracker:/opt/ros/humble /usr/bin/cmake /home/aice/ros2_ws/src/turtlebot3_task -DCMAKE_INSTALL_PREFIX=/home/aice/ros2_ws/install/aice_sim
[1.221s] DEBUG:colcon.colcon_core.event_handler.log_command:Invoking command in '/home/aice/ros2_ws/build/aice_sim': CMAKE_PREFIX_PATH=${CMAKE_PREFIX_PATH}:/home/aice/turtlebot3_ws/install/turtlebot3_yolo_object_detection:/home/aice/turtlebot3_ws/install/turtlebot3_teleop:/home/aice/turtlebot3_ws/install/turtlebot3_example:/home/aice/turtlebot3_ws/install/turtlebot3_autorace_mission:/home/aice/turtlebot3_ws/install/turtlebot3_autorace_detect:/home/aice/turtlebot3_ws/install/turtlebot3_autorace_camera:/home/aice/turtlebot3_ws/install/turtlebot3_automatic_parking_vision:/home/aice/turtlebot3_ws/install/turtlebot3_automatic_parking:/home/aice/turtlebot3_ws/install/turtlebot3_aruco_tracker:/opt/ros/humble /usr/bin/cmake --build /home/aice/ros2_ws/build/aice_sim -- -j4 -l4
[1.270s] DEBUG:colcon.colcon_core.event_handler.log_command:Invoked command in '/home/aice/ros2_ws/build/aice_sim' returned '0': CMAKE_PREFIX_PATH=${CMAKE_PREFIX_PATH}:/home/aice/turtlebot3_ws/install/turtlebot3_yolo_object_detection:/home/aice/turtlebot3_ws/install/turtlebot3_teleop:/home/aice/turtlebot3_ws/install/turtlebot3_example:/home/aice/turtlebot3_ws/install/turtlebot3_autorace_mission:/home/aice/turtlebot3_ws/install/turtlebot3_autorace_detect:/home/aice/turtlebot3_ws/install/turtlebot3_autorace_camera:/home/aice/turtlebot3_ws/install/turtlebot3_automatic_parking_vision:/home/aice/turtlebot3_ws/install/turtlebot3_automatic_parking:/home/aice/turtlebot3_ws/install/turtlebot3_aruco_tracker:/opt/ros/humble /usr/bin/cmake --build /home/aice/ros2_ws/build/aice_sim -- -j4 -l4
[1.274s] DEBUG:colcon.colcon_core.event_handler.log_command:Invoking command in '/home/aice/ros2_ws/build/aice_sim': CMAKE_PREFIX_PATH=${CMAKE_PREFIX_PATH}:/home/aice/turtlebot3_ws/install/turtlebot3_yolo_object_detection:/home/aice/turtlebot3_ws/install/turtlebot3_teleop:/home/aice/turtlebot3_ws/install/turtlebot3_example:/home/aice/turtlebot3_ws/install/turtlebot3_autorace_mission:/home/aice/turtlebot3_ws/install/turtlebot3_autorace_detect:/home/aice/turtlebot3_ws/install/turtlebot3_autorace_camera:/home/aice/turtlebot3_ws/install/turtlebot3_automatic_parking_vision:/home/aice/turtlebot3_ws/install/turtlebot3_automatic_parking:/home/aice/turtlebot3_ws/install/turtlebot3_aruco_tracker:/opt/ros/humble /usr/bin/cmake --install /home/aice/ros2_ws/build/aice_sim
[1.303s] Level 1:colcon.colcon_core.environment:create_environment_scripts_only(aice_sim)
[1.304s] DEBUG:colcon.colcon_core.event_handler.log_command:Invoked command in '/home/aice/ros2_ws/build/aice_sim' returned '0': CMAKE_PREFIX_PATH=${CMAKE_PREFIX_PATH}:/home/aice/turtlebot3_ws/install/turtlebot3_yolo_object_detection:/home/aice/turtlebot3_ws/install/turtlebot3_teleop:/home/aice/turtlebot3_ws/install/turtlebot3_example:/home/aice/turtlebot3_ws/install/turtlebot3_autorace_mission:/home/aice/turtlebot3_ws/install/turtlebot3_autorace_detect:/home/aice/turtlebot3_ws/install/turtlebot3_autorace_camera:/home/aice/turtlebot3_ws/install/turtlebot3_automatic_parking_vision:/home/aice/turtlebot3_ws/install/turtlebot3_automatic_parking:/home/aice/turtlebot3_ws/install/turtlebot3_aruco_tracker:/opt/ros/humble /usr/bin/cmake --install /home/aice/ros2_ws/build/aice_sim
[1.318s] Level 1:colcon.colcon_core.environment:checking '/home/aice/ros2_ws/install/aice_sim' for CMake module files
[1.318s] Level 1:colcon.colcon_core.environment:checking '/home/aice/ros2_ws/install/aice_sim' for CMake config files
[1.318s] Level 1:colcon.colcon_core.shell:create_environment_hook('aice_sim', 'cmake_prefix_path')
[1.318s] INFO:colcon.colcon_core.shell:Creating environment hook '/home/aice/ros2_ws/install/aice_sim/share/aice_sim/hook/cmake_prefix_path.ps1'
[1.319s] INFO:colcon.colcon_core.shell:Creating environment descriptor '/home/aice/ros2_ws/install/aice_sim/share/aice_sim/hook/cmake_prefix_path.dsv'
[1.320s] INFO:colcon.colcon_core.shell:Creating environment hook '/home/aice/ros2_ws/install/aice_sim/share/aice_sim/hook/cmake_prefix_path.sh'
[1.321s] Level 1:colcon.colcon_core.environment:checking '/home/aice/ros2_ws/install/aice_sim/bin'
[1.322s] Level 1:colcon.colcon_core.environment:checking '/home/aice/ros2_ws/install/aice_sim/lib/pkgconfig/aice_sim.pc'
[1.323s] Level 1:colcon.colcon_core.environment:checking '/home/aice/ros2_ws/install/aice_sim/lib/python3.10/site-packages'
[1.323s] Level 1:colcon.colcon_core.environment:checking '/home/aice/ros2_ws/install/aice_sim/bin'
[1.323s] INFO:colcon.colcon_core.shell:Creating package script '/home/aice/ros2_ws/install/aice_sim/share/aice_sim/package.ps1'
[1.324s] INFO:colcon.colcon_core.shell:Creating package descriptor '/home/aice/ros2_ws/install/aice_sim/share/aice_sim/package.dsv'
[1.325s] INFO:colcon.colcon_core.shell:Creating package script '/home/aice/ros2_ws/install/aice_sim/share/aice_sim/package.sh'
[1.326s] INFO:colcon.colcon_core.shell:Creating package script '/home/aice/ros2_ws/install/aice_sim/share/aice_sim/package.bash'
[1.327s] INFO:colcon.colcon_core.shell:Creating package script '/home/aice/ros2_ws/install/aice_sim/share/aice_sim/package.zsh'
[1.328s] Level 1:colcon.colcon_core.environment:create_file_with_runtime_dependencies(/home/aice/ros2_ws/install/aice_sim/share/colcon-core/packages/aice_sim)
[1.329s] Level 1:colcon.colcon_core.environment:create_environment_scripts_only(aice_sim)
[1.329s] Level 1:colcon.colcon_core.environment:checking '/home/aice/ros2_ws/install/aice_sim' for CMake module files
[1.329s] Level 1:colcon.colcon_core.environment:checking '/home/aice/ros2_ws/install/aice_sim' for CMake config files
[1.329s] Level 1:colcon.colcon_core.shell:create_environment_hook('aice_sim', 'cmake_prefix_path')
[1.329s] INFO:colcon.colcon_core.shell:Creating environment hook '/home/aice/ros2_ws/install/aice_sim/share/aice_sim/hook/cmake_prefix_path.ps1'
[1.330s] INFO:colcon.colcon_core.shell:Creating environment descriptor '/home/aice/ros2_ws/install/aice_sim/share/aice_sim/hook/cmake_prefix_path.dsv'
[1.331s] INFO:colcon.colcon_core.shell:Creating environment hook '/home/aice/ros2_ws/install/aice_sim/share/aice_sim/hook/cmake_prefix_path.sh'
[1.332s] Level 1:colcon.colcon_core.environment:checking '/home/aice/ros2_ws/install/aice_sim/bin'
[1.332s] Level 1:colcon.colcon_core.environment:checking '/home/aice/ros2_ws/install/aice_sim/lib/pkgconfig/aice_sim.pc'
[1.333s] Level 1:colcon.colcon_core.environment:checking '/home/aice/ros2_ws/install/aice_sim/lib/python3.10/site-packages'
[1.334s] Level 1:colcon.colcon_core.environment:checking '/home/aice/ros2_ws/install/aice_sim/bin'
[1.334s] INFO:colcon.colcon_core.shell:Creating package script '/home/aice/ros2_ws/install/aice_sim/share/aice_sim/package.ps1'
[1.334s] INFO:colcon.colcon_core.shell:Creating package descriptor '/home/aice/ros2_ws/install/aice_sim/share/aice_sim/package.dsv'
[1.335s] INFO:colcon.colcon_core.shell:Creating package script '/home/aice/ros2_ws/install/aice_sim/share/aice_sim/package.sh'
[1.335s] INFO:colcon.colcon_core.shell:Creating package script '/home/aice/ros2_ws/install/aice_sim/share/aice_sim/package.bash'
[1.335s] INFO:colcon.colcon_core.shell:Creating package script '/home/aice/ros2_ws/install/aice_sim/share/aice_sim/package.zsh'
[1.336s] Level 1:colcon.colcon_core.environment:create_file_with_runtime_dependencies(/home/aice/ros2_ws/install/aice_sim/share/colcon-core/packages/aice_sim)
[1.337s] DEBUG:colcon.colcon_parallel_executor.executor.parallel:closing loop
[1.337s] DEBUG:colcon.colcon_parallel_executor.executor.parallel:loop closed
[1.337s] DEBUG:colcon.colcon_parallel_executor.executor.parallel:run_until_complete finished with '0'
[1.337s] DEBUG:colcon.colcon_core.event_reactor:joining thread
[1.341s] INFO:colcon.colcon_core.plugin_system:Skipping extension 'colcon_notification.desktop_notification.terminal_notifier': Not used on non-Darwin systems
[1.341s] INFO:colcon.colcon_core.plugin_system:Skipping extension 'colcon_notification.desktop_notification.win32': Not used on non-Windows systems
[1.341s] INFO:colcon.colcon_notification.desktop_notification:Sending desktop notification using 'notify2'
[1.358s] DEBUG:colcon.colcon_core.event_reactor:joined thread
[1.358s] INFO:colcon.colcon_core.shell:Creating prefix script '/home/aice/ros2_ws/install/local_setup.ps1'
[1.359s] INFO:colcon.colcon_core.shell:Creating prefix util module '/home/aice/ros2_ws/install/_local_setup_util_ps1.py'
[1.360s] INFO:colcon.colcon_core.shell:Creating prefix chain script '/home/aice/ros2_ws/install/setup.ps1'
[1.362s] INFO:colcon.colcon_core.shell:Creating prefix script '/home/aice/ros2_ws/install/local_setup.sh'
[1.362s] INFO:colcon.colcon_core.shell:Creating prefix util module '/home/aice/ros2_ws/install/_local_setup_util_sh.py'
[1.363s] INFO:colcon.colcon_core.shell:Creating prefix chain script '/home/aice/ros2_ws/install/setup.sh'
[1.364s] INFO:colcon.colcon_core.shell:Creating prefix script '/home/aice/ros2_ws/install/local_setup.bash'
[1.366s] INFO:colcon.colcon_core.shell:Creating prefix chain script '/home/aice/ros2_ws/install/setup.bash'
[1.367s] INFO:colcon.colcon_core.shell:Creating prefix script '/home/aice/ros2_ws/install/local_setup.zsh'
[1.367s] INFO:colcon.colcon_core.shell:Creating prefix chain script '/home/aice/ros2_ws/install/setup.zsh'
