[0.009s] Invoking command in '/home/aice/ros2_ws/build/aice_sim': CMAKE_PREFIX_PATH=${CMAKE_PREFIX_PATH}:/home/aice/turtlebot3_ws/install/turtlebot3_yolo_object_detection:/home/aice/turtlebot3_ws/install/turtlebot3_teleop:/home/aice/turtlebot3_ws/install/turtlebot3_example:/home/aice/turtlebot3_ws/install/turtlebot3_autorace_mission:/home/aice/turtlebot3_ws/install/turtlebot3_autorace_detect:/home/aice/turtlebot3_ws/install/turtlebot3_autorace_camera:/home/aice/turtlebot3_ws/install/turtlebot3_automatic_parking_vision:/home/aice/turtlebot3_ws/install/turtlebot3_automatic_parking:/home/aice/turtlebot3_ws/install/turtlebot3_aruco_tracker:/opt/ros/humble /usr/bin/cmake /home/aice/ros2_ws/src/turtlebot3_task -DCMAKE_INSTALL_PREFIX=/home/aice/ros2_ws/install/aice_sim
[0.172s] -- The C compiler identification is GNU 11.4.0
[0.283s] -- The CXX compiler identification is GNU 11.4.0
[0.301s] -- Detecting C compiler ABI info
[0.467s] -- Detecting C compiler ABI info - done
[0.473s] -- Check for working C compiler: /usr/bin/cc - skipped
[0.475s] -- Detecting C compile features
[0.478s] -- Detecting C compile features - done
[0.485s] -- Detecting CXX compiler ABI info
[0.575s] -- Detecting CXX compiler ABI info - done
[0.582s] -- Check for working CXX compiler: /usr/bin/c++ - skipped
[0.582s] -- Detecting CXX compile features
[0.582s] -- Detecting CXX compile features - done
[0.596s] -- Found ament_cmake: 1.3.12 (/opt/ros/humble/share/ament_cmake/cmake)
[0.751s] -- Found Python3: /usr/bin/python3 (found version "3.10.12") found components: Interpreter 
[0.943s] -- Configuring done
[0.944s] -- Generating done
[0.944s] -- Build files have been written to: /home/aice/ros2_ws/build/aice_sim
[0.948s] Invoked command in '/home/aice/ros2_ws/build/aice_sim' returned '0': CMAKE_PREFIX_PATH=${CMAKE_PREFIX_PATH}:/home/aice/turtlebot3_ws/install/turtlebot3_yolo_object_detection:/home/aice/turtlebot3_ws/install/turtlebot3_teleop:/home/aice/turtlebot3_ws/install/turtlebot3_example:/home/aice/turtlebot3_ws/install/turtlebot3_autorace_mission:/home/aice/turtlebot3_ws/install/turtlebot3_autorace_detect:/home/aice/turtlebot3_ws/install/turtlebot3_autorace_camera:/home/aice/turtlebot3_ws/install/turtlebot3_automatic_parking_vision:/home/aice/turtlebot3_ws/install/turtlebot3_automatic_parking:/home/aice/turtlebot3_ws/install/turtlebot3_aruco_tracker:/opt/ros/humble /usr/bin/cmake /home/aice/ros2_ws/src/turtlebot3_task -DCMAKE_INSTALL_PREFIX=/home/aice/ros2_ws/install/aice_sim
[0.957s] Invoking command in '/home/aice/ros2_ws/build/aice_sim': CMAKE_PREFIX_PATH=${CMAKE_PREFIX_PATH}:/home/aice/turtlebot3_ws/install/turtlebot3_yolo_object_detection:/home/aice/turtlebot3_ws/install/turtlebot3_teleop:/home/aice/turtlebot3_ws/install/turtlebot3_example:/home/aice/turtlebot3_ws/install/turtlebot3_autorace_mission:/home/aice/turtlebot3_ws/install/turtlebot3_autorace_detect:/home/aice/turtlebot3_ws/install/turtlebot3_autorace_camera:/home/aice/turtlebot3_ws/install/turtlebot3_automatic_parking_vision:/home/aice/turtlebot3_ws/install/turtlebot3_automatic_parking:/home/aice/turtlebot3_ws/install/turtlebot3_aruco_tracker:/opt/ros/humble /usr/bin/cmake --build /home/aice/ros2_ws/build/aice_sim -- -j4 -l4
[1.006s] Invoked command in '/home/aice/ros2_ws/build/aice_sim' returned '0': CMAKE_PREFIX_PATH=${CMAKE_PREFIX_PATH}:/home/aice/turtlebot3_ws/install/turtlebot3_yolo_object_detection:/home/aice/turtlebot3_ws/install/turtlebot3_teleop:/home/aice/turtlebot3_ws/install/turtlebot3_example:/home/aice/turtlebot3_ws/install/turtlebot3_autorace_mission:/home/aice/turtlebot3_ws/install/turtlebot3_autorace_detect:/home/aice/turtlebot3_ws/install/turtlebot3_autorace_camera:/home/aice/turtlebot3_ws/install/turtlebot3_automatic_parking_vision:/home/aice/turtlebot3_ws/install/turtlebot3_automatic_parking:/home/aice/turtlebot3_ws/install/turtlebot3_aruco_tracker:/opt/ros/humble /usr/bin/cmake --build /home/aice/ros2_ws/build/aice_sim -- -j4 -l4
[1.011s] Invoking command in '/home/aice/ros2_ws/build/aice_sim': CMAKE_PREFIX_PATH=${CMAKE_PREFIX_PATH}:/home/aice/turtlebot3_ws/install/turtlebot3_yolo_object_detection:/home/aice/turtlebot3_ws/install/turtlebot3_teleop:/home/aice/turtlebot3_ws/install/turtlebot3_example:/home/aice/turtlebot3_ws/install/turtlebot3_autorace_mission:/home/aice/turtlebot3_ws/install/turtlebot3_autorace_detect:/home/aice/turtlebot3_ws/install/turtlebot3_autorace_camera:/home/aice/turtlebot3_ws/install/turtlebot3_automatic_parking_vision:/home/aice/turtlebot3_ws/install/turtlebot3_automatic_parking:/home/aice/turtlebot3_ws/install/turtlebot3_aruco_tracker:/opt/ros/humble /usr/bin/cmake --install /home/aice/ros2_ws/build/aice_sim
[1.020s] -- Install configuration: ""
[1.020s] -- Installing: /home/aice/ros2_ws/install/aice_sim/share/aice_sim/launch
[1.020s] -- Installing: /home/aice/ros2_ws/install/aice_sim/share/aice_sim/launch/turtlebot3_world.launch.py
[1.020s] -- Installing: /home/aice/ros2_ws/install/aice_sim/share/aice_sim/worlds
[1.020s] -- Installing: /home/aice/ros2_ws/install/aice_sim/share/aice_sim/worlds/world.world
[1.020s] -- Installing: /home/aice/ros2_ws/install/aice_sim/share/aice_sim/models
[1.020s] -- Installing: /home/aice/ros2_ws/install/aice_sim/share/aice_sim/models/v3_block
[1.020s] -- Installing: /home/aice/ros2_ws/install/aice_sim/share/aice_sim/models/v3_block/model.sdf
[1.020s] -- Installing: /home/aice/ros2_ws/install/aice_sim/share/aice_sim/models/v3_block/meshes
[1.020s] -- Installing: /home/aice/ros2_ws/install/aice_sim/share/aice_sim/models/v3_block/meshes/v3_block.stl
[1.031s] -- Installing: /home/aice/ros2_ws/install/aice_sim/share/aice_sim/models/v3_block/model.config
[1.031s] -- Installing: /home/aice/ros2_ws/install/aice_sim/share/aice_sim/models/turtlebot3_waffle_pi
[1.031s] -- Installing: /home/aice/ros2_ws/install/aice_sim/share/aice_sim/models/turtlebot3_waffle_pi/model.sdf
[1.032s] -- Installing: /home/aice/ros2_ws/install/aice_sim/share/aice_sim/models/turtlebot3_waffle_pi/model.config
[1.032s] -- Installing: /home/aice/ros2_ws/install/aice_sim/share/aice_sim/models/turtlebot3_waffle_pi/model-1_4_.sdf
[1.034s] -- Installing: /home/aice/ros2_ws/install/aice_sim/share/ament_index/resource_index/package_run_dependencies/aice_sim
[1.034s] -- Installing: /home/aice/ros2_ws/install/aice_sim/share/ament_index/resource_index/parent_prefix_path/aice_sim
[1.034s] -- Installing: /home/aice/ros2_ws/install/aice_sim/share/aice_sim/environment/ament_prefix_path.sh
[1.035s] -- Installing: /home/aice/ros2_ws/install/aice_sim/share/aice_sim/environment/ament_prefix_path.dsv
[1.035s] -- Installing: /home/aice/ros2_ws/install/aice_sim/share/aice_sim/environment/path.sh
[1.035s] -- Installing: /home/aice/ros2_ws/install/aice_sim/share/aice_sim/environment/path.dsv
[1.035s] -- Installing: /home/aice/ros2_ws/install/aice_sim/share/aice_sim/local_setup.bash
[1.035s] -- Installing: /home/aice/ros2_ws/install/aice_sim/share/aice_sim/local_setup.sh
[1.035s] -- Installing: /home/aice/ros2_ws/install/aice_sim/share/aice_sim/local_setup.zsh
[1.035s] -- Installing: /home/aice/ros2_ws/install/aice_sim/share/aice_sim/local_setup.dsv
[1.035s] -- Installing: /home/aice/ros2_ws/install/aice_sim/share/aice_sim/package.dsv
[1.035s] -- Installing: /home/aice/ros2_ws/install/aice_sim/share/ament_index/resource_index/packages/aice_sim
[1.035s] -- Installing: /home/aice/ros2_ws/install/aice_sim/share/aice_sim/cmake/aice_simConfig.cmake
[1.035s] -- Installing: /home/aice/ros2_ws/install/aice_sim/share/aice_sim/cmake/aice_simConfig-version.cmake
[1.035s] -- Installing: /home/aice/ros2_ws/install/aice_sim/share/aice_sim/package.xml
[1.040s] Invoked command in '/home/aice/ros2_ws/build/aice_sim' returned '0': CMAKE_PREFIX_PATH=${CMAKE_PREFIX_PATH}:/home/aice/turtlebot3_ws/install/turtlebot3_yolo_object_detection:/home/aice/turtlebot3_ws/install/turtlebot3_teleop:/home/aice/turtlebot3_ws/install/turtlebot3_example:/home/aice/turtlebot3_ws/install/turtlebot3_autorace_mission:/home/aice/turtlebot3_ws/install/turtlebot3_autorace_detect:/home/aice/turtlebot3_ws/install/turtlebot3_autorace_camera:/home/aice/turtlebot3_ws/install/turtlebot3_automatic_parking_vision:/home/aice/turtlebot3_ws/install/turtlebot3_automatic_parking:/home/aice/turtlebot3_ws/install/turtlebot3_aruco_tracker:/opt/ros/humble /usr/bin/cmake --install /home/aice/ros2_ws/build/aice_sim
