[0.010s] Invoking command in '/home/aice/ros2_ws/build/turtlebot3_task': CMAKE_PREFIX_PATH=${CMAKE_PREFIX_PATH}:/home/aice/turtlebot3_ws/install/turtlebot3_yolo_object_detection:/home/aice/turtlebot3_ws/install/turtlebot3_teleop:/home/aice/turtlebot3_ws/install/turtlebot3_example:/home/aice/turtlebot3_ws/install/turtlebot3_autorace_mission:/home/aice/turtlebot3_ws/install/turtlebot3_autorace_detect:/home/aice/turtlebot3_ws/install/turtlebot3_autorace_camera:/home/aice/turtlebot3_ws/install/turtlebot3_automatic_parking_vision:/home/aice/turtlebot3_ws/install/turtlebot3_automatic_parking:/home/aice/turtlebot3_ws/install/turtlebot3_aruco_tracker:/opt/ros/humble /usr/bin/cmake /home/aice/ros2_ws/src/turtlebot3_task -DCMAKE_INSTALL_PREFIX=/home/aice/ros2_ws/install/turtlebot3_task
[0.028s] -- Found ament_cmake: 1.3.12 (/opt/ros/humble/share/ament_cmake/cmake)
[0.190s] -- Configuring done
[0.192s] -- Generating done
[0.193s] -- Build files have been written to: /home/aice/ros2_ws/build/turtlebot3_task
[0.196s] Invoked command in '/home/aice/ros2_ws/build/turtlebot3_task' returned '0': CMAKE_PREFIX_PATH=${CMAKE_PREFIX_PATH}:/home/aice/turtlebot3_ws/install/turtlebot3_yolo_object_detection:/home/aice/turtlebot3_ws/install/turtlebot3_teleop:/home/aice/turtlebot3_ws/install/turtlebot3_example:/home/aice/turtlebot3_ws/install/turtlebot3_autorace_mission:/home/aice/turtlebot3_ws/install/turtlebot3_autorace_detect:/home/aice/turtlebot3_ws/install/turtlebot3_autorace_camera:/home/aice/turtlebot3_ws/install/turtlebot3_automatic_parking_vision:/home/aice/turtlebot3_ws/install/turtlebot3_automatic_parking:/home/aice/turtlebot3_ws/install/turtlebot3_aruco_tracker:/opt/ros/humble /usr/bin/cmake /home/aice/ros2_ws/src/turtlebot3_task -DCMAKE_INSTALL_PREFIX=/home/aice/ros2_ws/install/turtlebot3_task
[0.197s] Invoking command in '/home/aice/ros2_ws/build/turtlebot3_task': CMAKE_PREFIX_PATH=${CMAKE_PREFIX_PATH}:/home/aice/turtlebot3_ws/install/turtlebot3_yolo_object_detection:/home/aice/turtlebot3_ws/install/turtlebot3_teleop:/home/aice/turtlebot3_ws/install/turtlebot3_example:/home/aice/turtlebot3_ws/install/turtlebot3_autorace_mission:/home/aice/turtlebot3_ws/install/turtlebot3_autorace_detect:/home/aice/turtlebot3_ws/install/turtlebot3_autorace_camera:/home/aice/turtlebot3_ws/install/turtlebot3_automatic_parking_vision:/home/aice/turtlebot3_ws/install/turtlebot3_automatic_parking:/home/aice/turtlebot3_ws/install/turtlebot3_aruco_tracker:/opt/ros/humble /usr/bin/cmake --build /home/aice/ros2_ws/build/turtlebot3_task -- -j4 -l4
[0.237s] Invoked command in '/home/aice/ros2_ws/build/turtlebot3_task' returned '0': CMAKE_PREFIX_PATH=${CMAKE_PREFIX_PATH}:/home/aice/turtlebot3_ws/install/turtlebot3_yolo_object_detection:/home/aice/turtlebot3_ws/install/turtlebot3_teleop:/home/aice/turtlebot3_ws/install/turtlebot3_example:/home/aice/turtlebot3_ws/install/turtlebot3_autorace_mission:/home/aice/turtlebot3_ws/install/turtlebot3_autorace_detect:/home/aice/turtlebot3_ws/install/turtlebot3_autorace_camera:/home/aice/turtlebot3_ws/install/turtlebot3_automatic_parking_vision:/home/aice/turtlebot3_ws/install/turtlebot3_automatic_parking:/home/aice/turtlebot3_ws/install/turtlebot3_aruco_tracker:/opt/ros/humble /usr/bin/cmake --build /home/aice/ros2_ws/build/turtlebot3_task -- -j4 -l4
[0.247s] Invoking command in '/home/aice/ros2_ws/build/turtlebot3_task': CMAKE_PREFIX_PATH=${CMAKE_PREFIX_PATH}:/home/aice/turtlebot3_ws/install/turtlebot3_yolo_object_detection:/home/aice/turtlebot3_ws/install/turtlebot3_teleop:/home/aice/turtlebot3_ws/install/turtlebot3_example:/home/aice/turtlebot3_ws/install/turtlebot3_autorace_mission:/home/aice/turtlebot3_ws/install/turtlebot3_autorace_detect:/home/aice/turtlebot3_ws/install/turtlebot3_autorace_camera:/home/aice/turtlebot3_ws/install/turtlebot3_automatic_parking_vision:/home/aice/turtlebot3_ws/install/turtlebot3_automatic_parking:/home/aice/turtlebot3_ws/install/turtlebot3_aruco_tracker:/opt/ros/humble /usr/bin/cmake --install /home/aice/ros2_ws/build/turtlebot3_task
[0.258s] -- Install configuration: ""
[0.259s] -- Installing: /home/aice/ros2_ws/install/turtlebot3_task/share/turtlebot3_task/launch
[0.259s] -- Installing: /home/aice/ros2_ws/install/turtlebot3_task/share/turtlebot3_task/launch/turtlebot3_world.launch.py
[0.259s] -- Installing: /home/aice/ros2_ws/install/turtlebot3_task/share/turtlebot3_task/worlds
[0.259s] -- Installing: /home/aice/ros2_ws/install/turtlebot3_task/share/turtlebot3_task/worlds/world.world
[0.259s] -- Installing: /home/aice/ros2_ws/install/turtlebot3_task/share/turtlebot3_task/models
[0.259s] -- Installing: /home/aice/ros2_ws/install/turtlebot3_task/share/turtlebot3_task/models/v3_block
[0.259s] -- Installing: /home/aice/ros2_ws/install/turtlebot3_task/share/turtlebot3_task/models/v3_block/model.sdf
[0.259s] -- Installing: /home/aice/ros2_ws/install/turtlebot3_task/share/turtlebot3_task/models/v3_block/meshes
[0.259s] -- Installing: /home/aice/ros2_ws/install/turtlebot3_task/share/turtlebot3_task/models/v3_block/meshes/v3_block.stl
[0.263s] -- Installing: /home/aice/ros2_ws/install/turtlebot3_task/share/turtlebot3_task/models/v3_block/model.config
[0.263s] -- Installing: /home/aice/ros2_ws/install/turtlebot3_task/share/turtlebot3_task/models/turtlebot3_waffle_pi
[0.263s] -- Installing: /home/aice/ros2_ws/install/turtlebot3_task/share/turtlebot3_task/models/turtlebot3_waffle_pi/model.sdf
[0.263s] -- Installing: /home/aice/ros2_ws/install/turtlebot3_task/share/turtlebot3_task/models/turtlebot3_waffle_pi/model.config
[0.263s] -- Installing: /home/aice/ros2_ws/install/turtlebot3_task/share/turtlebot3_task/models/turtlebot3_waffle_pi/model-1_4_.sdf
[0.263s] -- Installing: /home/aice/ros2_ws/install/turtlebot3_task/share/ament_index/resource_index/package_run_dependencies/turtlebot3_task
[0.263s] -- Installing: /home/aice/ros2_ws/install/turtlebot3_task/share/ament_index/resource_index/parent_prefix_path/turtlebot3_task
[0.263s] -- Installing: /home/aice/ros2_ws/install/turtlebot3_task/share/turtlebot3_task/environment/ament_prefix_path.sh
[0.263s] -- Installing: /home/aice/ros2_ws/install/turtlebot3_task/share/turtlebot3_task/environment/ament_prefix_path.dsv
[0.264s] -- Installing: /home/aice/ros2_ws/install/turtlebot3_task/share/turtlebot3_task/environment/path.sh
[0.264s] -- Installing: /home/aice/ros2_ws/install/turtlebot3_task/share/turtlebot3_task/environment/path.dsv
[0.264s] -- Installing: /home/aice/ros2_ws/install/turtlebot3_task/share/turtlebot3_task/local_setup.bash
[0.264s] -- Installing: /home/aice/ros2_ws/install/turtlebot3_task/share/turtlebot3_task/local_setup.sh
[0.264s] -- Installing: /home/aice/ros2_ws/install/turtlebot3_task/share/turtlebot3_task/local_setup.zsh
[0.264s] -- Installing: /home/aice/ros2_ws/install/turtlebot3_task/share/turtlebot3_task/local_setup.dsv
[0.264s] -- Installing: /home/aice/ros2_ws/install/turtlebot3_task/share/turtlebot3_task/package.dsv
[0.264s] -- Installing: /home/aice/ros2_ws/install/turtlebot3_task/share/ament_index/resource_index/packages/turtlebot3_task
[0.264s] -- Installing: /home/aice/ros2_ws/install/turtlebot3_task/share/turtlebot3_task/cmake/turtlebot3_taskConfig.cmake
[0.264s] -- Installing: /home/aice/ros2_ws/install/turtlebot3_task/share/turtlebot3_task/cmake/turtlebot3_taskConfig-version.cmake
[0.264s] -- Installing: /home/aice/ros2_ws/install/turtlebot3_task/share/turtlebot3_task/package.xml
[0.271s] Invoked command in '/home/aice/ros2_ws/build/turtlebot3_task' returned '0': CMAKE_PREFIX_PATH=${CMAKE_PREFIX_PATH}:/home/aice/turtlebot3_ws/install/turtlebot3_yolo_object_detection:/home/aice/turtlebot3_ws/install/turtlebot3_teleop:/home/aice/turtlebot3_ws/install/turtlebot3_example:/home/aice/turtlebot3_ws/install/turtlebot3_autorace_mission:/home/aice/turtlebot3_ws/install/turtlebot3_autorace_detect:/home/aice/turtlebot3_ws/install/turtlebot3_autorace_camera:/home/aice/turtlebot3_ws/install/turtlebot3_automatic_parking_vision:/home/aice/turtlebot3_ws/install/turtlebot3_automatic_parking:/home/aice/turtlebot3_ws/install/turtlebot3_aruco_tracker:/opt/ros/humble /usr/bin/cmake --install /home/aice/ros2_ws/build/turtlebot3_task
