[0.060s] Invoking command in '/home/aice/ros2_ws/build/turtlebot3_task': CMAKE_PREFIX_PATH=${CMAKE_PREFIX_PATH}:/home/aice/turtlebot3_ws/install/turtlebot3_yolo_object_detection:/home/aice/turtlebot3_ws/install/turtlebot3_teleop:/home/aice/turtlebot3_ws/install/turtlebot3_example:/home/aice/turtlebot3_ws/install/turtlebot3_autorace_mission:/home/aice/turtlebot3_ws/install/turtlebot3_autorace_detect:/home/aice/turtlebot3_ws/install/turtlebot3_autorace_camera:/home/aice/turtlebot3_ws/install/turtlebot3_automatic_parking_vision:/home/aice/turtlebot3_ws/install/turtlebot3_automatic_parking:/home/aice/turtlebot3_ws/install/turtlebot3_aruco_tracker:/opt/ros/humble /usr/bin/cmake --build /home/aice/ros2_ws/build/turtlebot3_task -- -j4 -l4
[0.120s] -- Found ament_cmake: 1.3.12 (/opt/ros/humble/share/ament_cmake/cmake)
[0.509s] -- Configuring done
[0.513s] -- Generating done
[0.515s] -- Build files have been written to: /home/aice/ros2_ws/build/turtlebot3_task
[0.604s] Invoked command in '/home/aice/ros2_ws/build/turtlebot3_task' returned '0': CMAKE_PREFIX_PATH=${CMAKE_PREFIX_PATH}:/home/aice/turtlebot3_ws/install/turtlebot3_yolo_object_detection:/home/aice/turtlebot3_ws/install/turtlebot3_teleop:/home/aice/turtlebot3_ws/install/turtlebot3_example:/home/aice/turtlebot3_ws/install/turtlebot3_autorace_mission:/home/aice/turtlebot3_ws/install/turtlebot3_autorace_detect:/home/aice/turtlebot3_ws/install/turtlebot3_autorace_camera:/home/aice/turtlebot3_ws/install/turtlebot3_automatic_parking_vision:/home/aice/turtlebot3_ws/install/turtlebot3_automatic_parking:/home/aice/turtlebot3_ws/install/turtlebot3_aruco_tracker:/opt/ros/humble /usr/bin/cmake --build /home/aice/ros2_ws/build/turtlebot3_task -- -j4 -l4
[0.609s] Invoking command in '/home/aice/ros2_ws/build/turtlebot3_task': CMAKE_PREFIX_PATH=${CMAKE_PREFIX_PATH}:/home/aice/turtlebot3_ws/install/turtlebot3_yolo_object_detection:/home/aice/turtlebot3_ws/install/turtlebot3_teleop:/home/aice/turtlebot3_ws/install/turtlebot3_example:/home/aice/turtlebot3_ws/install/turtlebot3_autorace_mission:/home/aice/turtlebot3_ws/install/turtlebot3_autorace_detect:/home/aice/turtlebot3_ws/install/turtlebot3_autorace_camera:/home/aice/turtlebot3_ws/install/turtlebot3_automatic_parking_vision:/home/aice/turtlebot3_ws/install/turtlebot3_automatic_parking:/home/aice/turtlebot3_ws/install/turtlebot3_aruco_tracker:/opt/ros/humble /usr/bin/cmake --install /home/aice/ros2_ws/build/turtlebot3_task
[0.620s] -- Install configuration: ""
[0.620s] -- Up-to-date: /home/aice/ros2_ws/install/turtlebot3_task/share/turtlebot3_task/launch
[0.620s] -- Up-to-date: /home/aice/ros2_ws/install/turtlebot3_task/share/turtlebot3_task/launch/turtlebot3_waffle_pi_launch.py
[0.620s] -- Up-to-date: /home/aice/ros2_ws/install/turtlebot3_task/share/turtlebot3_task/launch/turtlebot3_world.py
[0.621s] -- Up-to-date: /home/aice/ros2_ws/install/turtlebot3_task/share/turtlebot3_task/worlds
[0.622s] -- Up-to-date: /home/aice/ros2_ws/install/turtlebot3_task/share/turtlebot3_task/worlds/world.world
[0.622s] -- Up-to-date: /home/aice/ros2_ws/install/turtlebot3_task/share/turtlebot3_task/models
[0.622s] -- Up-to-date: /home/aice/ros2_ws/install/turtlebot3_task/share/turtlebot3_task/models/v3_block
[0.623s] -- Up-to-date: /home/aice/ros2_ws/install/turtlebot3_task/share/turtlebot3_task/models/v3_block/model.sdf
[0.623s] -- Up-to-date: /home/aice/ros2_ws/install/turtlebot3_task/share/turtlebot3_task/models/v3_block/meshes
[0.623s] -- Up-to-date: /home/aice/ros2_ws/install/turtlebot3_task/share/turtlebot3_task/models/v3_block/meshes/v3_block.stl
[0.623s] -- Up-to-date: /home/aice/ros2_ws/install/turtlebot3_task/share/turtlebot3_task/models/v3_block/model.config
[0.623s] -- Up-to-date: /home/aice/ros2_ws/install/turtlebot3_task/share/turtlebot3_task/models/turtlebot3_waffle_pi
[0.623s] -- Up-to-date: /home/aice/ros2_ws/install/turtlebot3_task/share/turtlebot3_task/models/turtlebot3_waffle_pi/model.sdf
[0.623s] -- Up-to-date: /home/aice/ros2_ws/install/turtlebot3_task/share/turtlebot3_task/models/turtlebot3_waffle_pi/model.config
[0.623s] -- Up-to-date: /home/aice/ros2_ws/install/turtlebot3_task/share/turtlebot3_task/models/turtlebot3_waffle_pi/model-1_4_.sdf
[0.623s] -- Installing: /home/aice/ros2_ws/install/turtlebot3_task/lib/turtlebot3_task/block_wall_detection.py
[0.623s] -- Up-to-date: /home/aice/ros2_ws/install/turtlebot3_task/share/ament_index/resource_index/package_run_dependencies/turtlebot3_task
[0.624s] -- Installing: /home/aice/ros2_ws/install/turtlebot3_task/share/ament_index/resource_index/parent_prefix_path/turtlebot3_task
[0.624s] -- Up-to-date: /home/aice/ros2_ws/install/turtlebot3_task/share/turtlebot3_task/environment/ament_prefix_path.sh
[0.624s] -- Installing: /home/aice/ros2_ws/install/turtlebot3_task/share/turtlebot3_task/environment/ament_prefix_path.dsv
[0.624s] -- Up-to-date: /home/aice/ros2_ws/install/turtlebot3_task/share/turtlebot3_task/environment/path.sh
[0.624s] -- Installing: /home/aice/ros2_ws/install/turtlebot3_task/share/turtlebot3_task/environment/path.dsv
[0.624s] -- Up-to-date: /home/aice/ros2_ws/install/turtlebot3_task/share/turtlebot3_task/local_setup.bash
[0.624s] -- Up-to-date: /home/aice/ros2_ws/install/turtlebot3_task/share/turtlebot3_task/local_setup.sh
[0.625s] -- Up-to-date: /home/aice/ros2_ws/install/turtlebot3_task/share/turtlebot3_task/local_setup.zsh
[0.625s] -- Installing: /home/aice/ros2_ws/install/turtlebot3_task/share/turtlebot3_task/local_setup.dsv
[0.625s] -- Installing: /home/aice/ros2_ws/install/turtlebot3_task/share/turtlebot3_task/package.dsv
[0.625s] -- Up-to-date: /home/aice/ros2_ws/install/turtlebot3_task/share/ament_index/resource_index/packages/turtlebot3_task
[0.625s] -- Up-to-date: /home/aice/ros2_ws/install/turtlebot3_task/share/turtlebot3_task/cmake/turtlebot3_taskConfig.cmake
[0.625s] -- Up-to-date: /home/aice/ros2_ws/install/turtlebot3_task/share/turtlebot3_task/cmake/turtlebot3_taskConfig-version.cmake
[0.625s] -- Up-to-date: /home/aice/ros2_ws/install/turtlebot3_task/share/turtlebot3_task/package.xml
[0.628s] Invoked command in '/home/aice/ros2_ws/build/turtlebot3_task' returned '0': CMAKE_PREFIX_PATH=${CMAKE_PREFIX_PATH}:/home/aice/turtlebot3_ws/install/turtlebot3_yolo_object_detection:/home/aice/turtlebot3_ws/install/turtlebot3_teleop:/home/aice/turtlebot3_ws/install/turtlebot3_example:/home/aice/turtlebot3_ws/install/turtlebot3_autorace_mission:/home/aice/turtlebot3_ws/install/turtlebot3_autorace_detect:/home/aice/turtlebot3_ws/install/turtlebot3_autorace_camera:/home/aice/turtlebot3_ws/install/turtlebot3_automatic_parking_vision:/home/aice/turtlebot3_ws/install/turtlebot3_automatic_parking:/home/aice/turtlebot3_ws/install/turtlebot3_aruco_tracker:/opt/ros/humble /usr/bin/cmake --install /home/aice/ros2_ws/build/turtlebot3_task
