-- Found ament_cmake: 1.3.12 (/opt/ros/humble/share/ament_cmake/cmake)
-- Configuring done
-- Generating done
-- Build files have been written to: /home/aice/ros2_ws/build/turtlebot3_task
-- Install configuration: ""
-- Up-to-date: /home/aice/ros2_ws/install/turtlebot3_task/share/turtlebot3_task/launch
-- Up-to-date: /home/aice/ros2_ws/install/turtlebot3_task/share/turtlebot3_task/launch/turtlebot3_waffle_pi_launch.py
-- Up-to-date: /home/aice/ros2_ws/install/turtlebot3_task/share/turtlebot3_task/launch/turtlebot3_world.py
-- Up-to-date: /home/aice/ros2_ws/install/turtlebot3_task/share/turtlebot3_task/worlds
-- Up-to-date: /home/aice/ros2_ws/install/turtlebot3_task/share/turtlebot3_task/worlds/world.world
-- Up-to-date: /home/aice/ros2_ws/install/turtlebot3_task/share/turtlebot3_task/models
-- Up-to-date: /home/aice/ros2_ws/install/turtlebot3_task/share/turtlebot3_task/models/v3_block
-- Up-to-date: /home/aice/ros2_ws/install/turtlebot3_task/share/turtlebot3_task/models/v3_block/model.sdf
-- Up-to-date: /home/aice/ros2_ws/install/turtlebot3_task/share/turtlebot3_task/models/v3_block/meshes
-- Up-to-date: /home/aice/ros2_ws/install/turtlebot3_task/share/turtlebot3_task/models/v3_block/meshes/v3_block.stl
-- Up-to-date: /home/aice/ros2_ws/install/turtlebot3_task/share/turtlebot3_task/models/v3_block/model.config
-- Up-to-date: /home/aice/ros2_ws/install/turtlebot3_task/share/turtlebot3_task/models/turtlebot3_waffle_pi
-- Up-to-date: /home/aice/ros2_ws/install/turtlebot3_task/share/turtlebot3_task/models/turtlebot3_waffle_pi/model.sdf
-- Up-to-date: /home/aice/ros2_ws/install/turtlebot3_task/share/turtlebot3_task/models/turtlebot3_waffle_pi/model.config
-- Up-to-date: /home/aice/ros2_ws/install/turtlebot3_task/share/turtlebot3_task/models/turtlebot3_waffle_pi/model-1_4_.sdf
