[0.071s] Invoking command in '/home/aice/ros2_ws/build/turtlebot3_task': CMAKE_PREFIX_PATH=${CMAKE_PREFIX_PATH}:/home/aice/turtlebot3_ws/install/turtlebot3_yolo_object_detection:/home/aice/turtlebot3_ws/install/turtlebot3_teleop:/home/aice/turtlebot3_ws/install/turtlebot3_example:/home/aice/turtlebot3_ws/install/turtlebot3_autorace_mission:/home/aice/turtlebot3_ws/install/turtlebot3_autorace_detect:/home/aice/turtlebot3_ws/install/turtlebot3_autorace_camera:/home/aice/turtlebot3_ws/install/turtlebot3_automatic_parking_vision:/home/aice/turtlebot3_ws/install/turtlebot3_automatic_parking:/home/aice/turtlebot3_ws/install/turtlebot3_aruco_tracker:/opt/ros/humble /usr/bin/cmake --build /home/aice/ros2_ws/build/turtlebot3_task -- -j4 -l4
[0.224s] -- Found ament_cmake: 1.3.12 (/opt/ros/humble/share/ament_cmake/cmake)
[0.927s] -- Configuring done
[0.989s] -- Generating done
[0.992s] -- Build files have been written to: /home/aice/ros2_ws/build/turtlebot3_task
[1.089s] Invoked command in '/home/aice/ros2_ws/build/turtlebot3_task' returned '0': CMAKE_PREFIX_PATH=${CMAKE_PREFIX_PATH}:/home/aice/turtlebot3_ws/install/turtlebot3_yolo_object_detection:/home/aice/turtlebot3_ws/install/turtlebot3_teleop:/home/aice/turtlebot3_ws/install/turtlebot3_example:/home/aice/turtlebot3_ws/install/turtlebot3_autorace_mission:/home/aice/turtlebot3_ws/install/turtlebot3_autorace_detect:/home/aice/turtlebot3_ws/install/turtlebot3_autorace_camera:/home/aice/turtlebot3_ws/install/turtlebot3_automatic_parking_vision:/home/aice/turtlebot3_ws/install/turtlebot3_automatic_parking:/home/aice/turtlebot3_ws/install/turtlebot3_aruco_tracker:/opt/ros/humble /usr/bin/cmake --build /home/aice/ros2_ws/build/turtlebot3_task -- -j4 -l4
[1.105s] Invoking command in '/home/aice/ros2_ws/build/turtlebot3_task': CMAKE_PREFIX_PATH=${CMAKE_PREFIX_PATH}:/home/aice/turtlebot3_ws/install/turtlebot3_yolo_object_detection:/home/aice/turtlebot3_ws/install/turtlebot3_teleop:/home/aice/turtlebot3_ws/install/turtlebot3_example:/home/aice/turtlebot3_ws/install/turtlebot3_autorace_mission:/home/aice/turtlebot3_ws/install/turtlebot3_autorace_detect:/home/aice/turtlebot3_ws/install/turtlebot3_autorace_camera:/home/aice/turtlebot3_ws/install/turtlebot3_automatic_parking_vision:/home/aice/turtlebot3_ws/install/turtlebot3_automatic_parking:/home/aice/turtlebot3_ws/install/turtlebot3_aruco_tracker:/opt/ros/humble /usr/bin/cmake --install /home/aice/ros2_ws/build/turtlebot3_task
[1.185s] [31mCMake Error at cmake_install.cmake:66 (file):
[1.185s]   file INSTALL cannot find
[1.185s]   "/home/aice/ros2_ws/src/turtlebot3_task/block_wall_detection.py": No such
[1.185s]   file or directory.
[1.185s] 
[1.185s] [0m
[1.186s] -- Install configuration: ""
[1.186s] -- Up-to-date: /home/aice/ros2_ws/install/turtlebot3_task/share/turtlebot3_task/launch
[1.186s] -- Up-to-date: /home/aice/ros2_ws/install/turtlebot3_task/share/turtlebot3_task/launch/turtlebot3_waffle_pi_launch.py
[1.186s] -- Up-to-date: /home/aice/ros2_ws/install/turtlebot3_task/share/turtlebot3_task/launch/turtlebot3_world.py
[1.186s] -- Up-to-date: /home/aice/ros2_ws/install/turtlebot3_task/share/turtlebot3_task/worlds
[1.186s] -- Up-to-date: /home/aice/ros2_ws/install/turtlebot3_task/share/turtlebot3_task/worlds/world.world
[1.186s] -- Up-to-date: /home/aice/ros2_ws/install/turtlebot3_task/share/turtlebot3_task/models
[1.186s] -- Up-to-date: /home/aice/ros2_ws/install/turtlebot3_task/share/turtlebot3_task/models/v3_block
[1.186s] -- Up-to-date: /home/aice/ros2_ws/install/turtlebot3_task/share/turtlebot3_task/models/v3_block/model.sdf
[1.186s] -- Up-to-date: /home/aice/ros2_ws/install/turtlebot3_task/share/turtlebot3_task/models/v3_block/meshes
[1.186s] -- Up-to-date: /home/aice/ros2_ws/install/turtlebot3_task/share/turtlebot3_task/models/v3_block/meshes/v3_block.stl
[1.186s] -- Up-to-date: /home/aice/ros2_ws/install/turtlebot3_task/share/turtlebot3_task/models/v3_block/model.config
[1.186s] -- Up-to-date: /home/aice/ros2_ws/install/turtlebot3_task/share/turtlebot3_task/models/turtlebot3_waffle_pi
[1.187s] -- Up-to-date: /home/aice/ros2_ws/install/turtlebot3_task/share/turtlebot3_task/models/turtlebot3_waffle_pi/model.sdf
[1.187s] -- Up-to-date: /home/aice/ros2_ws/install/turtlebot3_task/share/turtlebot3_task/models/turtlebot3_waffle_pi/model.config
[1.187s] -- Up-to-date: /home/aice/ros2_ws/install/turtlebot3_task/share/turtlebot3_task/models/turtlebot3_waffle_pi/model-1_4_.sdf
[1.193s] Invoked command in '/home/aice/ros2_ws/build/turtlebot3_task' returned '1': CMAKE_PREFIX_PATH=${CMAKE_PREFIX_PATH}:/home/aice/turtlebot3_ws/install/turtlebot3_yolo_object_detection:/home/aice/turtlebot3_ws/install/turtlebot3_teleop:/home/aice/turtlebot3_ws/install/turtlebot3_example:/home/aice/turtlebot3_ws/install/turtlebot3_autorace_mission:/home/aice/turtlebot3_ws/install/turtlebot3_autorace_detect:/home/aice/turtlebot3_ws/install/turtlebot3_autorace_camera:/home/aice/turtlebot3_ws/install/turtlebot3_automatic_parking_vision:/home/aice/turtlebot3_ws/install/turtlebot3_automatic_parking:/home/aice/turtlebot3_ws/install/turtlebot3_aruco_tracker:/opt/ros/humble /usr/bin/cmake --install /home/aice/ros2_ws/build/turtlebot3_task
